# JRE version: Java(TM) SE Runtime Environment (21.0.4+8) (build 21.0.4+8-LTS-274)
# Java VM: Java HotSpot(TM) 64-Bit Server VM (21.0.4+8-LTS-274, mixed mode, sharing, tiered, compressed oops, compressed class ptrs, g1 gc, windows-amd64)
GC Precious Log:
 CardTable entry size: 512
 Card Set container configuration: InlinePtr #cards 5 size 8 Array Of Cards #cards 12 size 40 Howl #buckets 4 coarsen threshold 1843 Howl Bitmap #cards 512 size 80 coarsen threshold 460 Card regions per heap region 1 cards per card region 2048
 CPUs: 8 total, 8 available
 Memory: 8071M
 Large Page Support: Disabled
 NUMA Support: Disabled
 Compressed Oops: Enabled (32-bit)
 Heap Region Size: 1M
 Heap Min Capacity: 8M
 Heap Initial Capacity: 128M
 Heap Max Capacity: 2018M
 Pre-touch: Disabled
 Parallel Workers: 8
 Concurrent Workers: 2
 Concurrent Refinement Workers: 8
 Periodic GC: Disabled
Heap:
 garbage-first heap   total 92160K, used 53202K [0x0000000081e00000, 0x0000000100000000)
  region size 1024K, 11 young (11264K), 5 survivors (5120K)
 Metaspace       used 82810K, committed 83712K, reserved 1179648K
  class space    used 11110K, committed 11520K, reserved 1048576K
GC Heap History (20 events):
Event: 1180.948 GC heap before
{Heap before GC invocations=31 (full 3):
 garbage-first heap   total 61440K, used 52848K [0x0000000081e00000, 0x0000000100000000)
  region size 1024K, 23 young (23552K), 2 survivors (2048K)
 Metaspace       used 80674K, committed 81472K, reserved 1179648K
  class space    used 10996K, committed 11328K, reserved 1048576K
}
Event: 1180.953 GC heap after
{Heap after GC invocations=32 (full 3):
 garbage-first heap   total 61440K, used 33236K [0x0000000081e00000, 0x0000000100000000)
  region size 1024K, 3 young (3072K), 3 survivors (3072K)
 Metaspace       used 80674K, committed 81472K, reserved 1179648K
  class space    used 10996K, committed 11328K, reserved 1048576K
}
Event: 1181.461 GC heap before
{Heap before GC invocations=32 (full 3):
 garbage-first heap   total 61440K, used 51668K [0x0000000081e00000, 0x0000000100000000)
  region size 1024K, 22 young (22528K), 3 survivors (3072K)
 Metaspace       used 80770K, committed 81600K, reserved 1179648K
  class space    used 10998K, committed 11328K, reserved 1048576K
}
Event: 1181.464 GC heap after
{Heap after GC invocations=33 (full 3):
 garbage-first heap   total 61440K, used 35028K [0x0000000081e00000, 0x0000000100000000)
  region size 1024K, 2 young (2048K), 2 survivors (2048K)
 Metaspace       used 80770K, committed 81600K, reserved 1179648K
  class space    used 10998K, committed 11328K, reserved 1048576K
}
Event: 1183.388 GC heap before
{Heap before GC invocations=34 (full 3):
 garbage-first heap   total 66560K, used 52436K [0x0000000081e00000, 0x0000000100000000)
  region size 1024K, 20 young (20480K), 2 survivors (2048K)
 Metaspace       used 81099K, committed 81920K, reserved 1179648K
  class space    used 11016K, committed 11392K, reserved 1048576K
}
Event: 1183.392 GC heap after
{Heap after GC invocations=35 (full 3):
 garbage-first heap   total 66560K, used 36269K [0x0000000081e00000, 0x0000000100000000)
  region size 1024K, 2 young (2048K), 2 survivors (2048K)
 Metaspace       used 81099K, committed 81920K, reserved 1179648K
  class space    used 11016K, committed 11392K, reserved 1048576K
}
Event: 1183.754 GC heap before
{Heap before GC invocations=35 (full 3):
 garbage-first heap   total 66560K, used 57773K [0x0000000081e00000, 0x0000000100000000)
  region size 1024K, 23 young (23552K), 2 survivors (2048K)
 Metaspace       used 81215K, committed 82112K, reserved 1179648K
  class space    used 11020K, committed 11392K, reserved 1048576K
}
Event: 1183.760 GC heap after
{Heap after GC invocations=36 (full 3):
 garbage-first heap   total 66560K, used 38075K [0x0000000081e00000, 0x0000000100000000)
  region size 1024K, 2 young (2048K), 2 survivors (2048K)
 Metaspace       used 81215K, committed 82112K, reserved 1179648K
  class space    used 11020K, committed 11392K, reserved 1048576K
}
Event: 1186.815 GC heap before
{Heap before GC invocations=36 (full 3):
 garbage-first heap   total 66560K, used 57531K [0x0000000081e00000, 0x0000000100000000)
  region size 1024K, 22 young (22528K), 2 survivors (2048K)
 Metaspace       used 81524K, committed 82368K, reserved 1179648K
  class space    used 11035K, committed 11392K, reserved 1048576K
}
Event: 1186.818 GC heap after
{Heap after GC invocations=37 (full 3):
 garbage-first heap   total 66560K, used 39503K [0x0000000081e00000, 0x0000000100000000)
  region size 1024K, 2 young (2048K), 2 survivors (2048K)
 Metaspace       used 81524K, committed 82368K, reserved 1179648K
  class space    used 11035K, committed 11392K, reserved 1048576K
}
Event: 1187.144 GC heap before
{Heap before GC invocations=38 (full 3):
 garbage-first heap   total 76800K, used 55887K [0x0000000081e00000, 0x0000000100000000)
  region size 1024K, 19 young (19456K), 2 survivors (2048K)
 Metaspace       used 81592K, committed 82432K, reserved 1179648K
  class space    used 11043K, committed 11392K, reserved 1048576K
}
Event: 1187.148 GC heap after
{Heap after GC invocations=39 (full 3):
 garbage-first heap   total 76800K, used 40978K [0x0000000081e00000, 0x0000000100000000)
  region size 1024K, 2 young (2048K), 2 survivors (2048K)
 Metaspace       used 81592K, committed 82432K, reserved 1179648K
  class space    used 11043K, committed 11392K, reserved 1048576K
}
Event: 1187.686 GC heap before
{Heap before GC invocations=39 (full 3):
 garbage-first heap   total 76800K, used 66578K [0x0000000081e00000, 0x0000000100000000)
  region size 1024K, 28 young (28672K), 2 survivors (2048K)
 Metaspace       used 81893K, committed 82752K, reserved 1179648K
  class space    used 11058K, committed 11456K, reserved 1048576K
}
Event: 1187.690 GC heap after
{Heap after GC invocations=40 (full 3):
 garbage-first heap   total 92160K, used 43176K [0x0000000081e00000, 0x0000000100000000)
  region size 1024K, 4 young (4096K), 4 survivors (4096K)
 Metaspace       used 81893K, committed 82752K, reserved 1179648K
  class space    used 11058K, committed 11456K, reserved 1048576K
}
Event: 1191.057 GC heap before
{Heap before GC invocations=40 (full 3):
 garbage-first heap   total 92160K, used 80040K [0x0000000081e00000, 0x0000000100000000)
  region size 1024K, 41 young (41984K), 4 survivors (4096K)
 Metaspace       used 82101K, committed 83008K, reserved 1179648K
  class space    used 11070K, committed 11456K, reserved 1048576K
}
Event: 1191.063 GC heap after
{Heap after GC invocations=41 (full 3):
 garbage-first heap   total 92160K, used 46273K [0x0000000081e00000, 0x0000000100000000)
  region size 1024K, 6 young (6144K), 6 survivors (6144K)
 Metaspace       used 82101K, committed 83008K, reserved 1179648K
  class space    used 11070K, committed 11456K, reserved 1048576K
}
Event: 1209.622 GC heap before
{Heap before GC invocations=41 (full 3):
 garbage-first heap   total 92160K, used 78017K [0x0000000081e00000, 0x0000000100000000)
  region size 1024K, 38 young (38912K), 6 survivors (6144K)
 Metaspace       used 82408K, committed 83264K, reserved 1179648K
  class space    used 11089K, committed 11456K, reserved 1048576K
}
Event: 1209.627 GC heap after
{Heap after GC invocations=42 (full 3):
 garbage-first heap   total 92160K, used 47766K [0x0000000081e00000, 0x0000000100000000)
  region size 1024K, 3 young (3072K), 3 survivors (3072K)
 Metaspace       used 82408K, committed 83264K, reserved 1179648K
  class space    used 11089K, committed 11456K, reserved 1048576K
}
Event: 1218.845 GC heap before
{Heap before GC invocations=42 (full 3):
 garbage-first heap   total 92160K, used 80534K [0x0000000081e00000, 0x0000000100000000)
  region size 1024K, 36 young (36864K), 3 survivors (3072K)
 Metaspace       used 82760K, committed 83712K, reserved 1179648K
  class space    used 11105K, committed 11520K, reserved 1048576K
}
Event: 1218.850 GC heap after
{Heap after GC invocations=43 (full 3):
 garbage-first heap   total 92160K, used 49106K [0x0000000081e00000, 0x0000000100000000)
  region size 1024K, 5 young (5120K), 5 survivors (5120K)
 Metaspace       used 82760K, committed 83712K, reserved 1179648K
  class space    used 11105K, committed 11520K, reserved 1048576K
}

