# JRE version: OpenJDK Runtime Environment Temurin-21.0.9+10 (21.0.9+10) (build 21.0.9+10-LTS)
# Java VM: OpenJDK 64-Bit Server VM Temurin-21.0.9+10 (21.0.9+10-LTS, mixed mode, sharing, tiered, compressed oops, compressed class ptrs, parallel gc, windows-amd64)
GC Precious Log:
 CardTable entry size: 512
 CPUs: 8 total, 8 available
 Memory: 8071M
 Large Page Support: Disabled
 NUMA Support: Disabled
 Compressed Oops: Enabled (32-bit)
 Alignments: Space 512K, Generation 512K, Heap 2M
 Heap Min Capacity: 100M
 Heap Initial Capacity: 100M
 Heap Max Capacity: 2G
 Pre-touch: Disabled
 Parallel Workers: 8
Heap:
 PSYoungGen      total 5120K, used 4002K [0x00000000d5580000, 0x00000000d6480000, 0x0000000100000000)
  eden space 4608K, 75% used [0x00000000d5580000,0x00000000d58eb098,0x00000000d5a00000)
  from space 512K, 98% used [0x00000000d5f00000,0x00000000d5f7da30,0x00000000d5f80000)
  to   space 5120K, 0% used [0x00000000d5a00000,0x00000000d5a00000,0x00000000d5f00000)
 ParOldGen       total 939008K, used 938746K [0x0000000080000000, 0x00000000b9500000, 0x00000000d5580000)
  object space 939008K, 99% used [0x0000000080000000,0x00000000b94beb80,0x00000000b9500000)
 Metaspace       used 85903K, committed 87744K, reserved 1179648K
  class space    used 8714K, committed 9536K, reserved 1048576K
GC Heap History (20 events):
Event: 219.747 GC heap before
{Heap before GC invocations=2129 (full 5):
 PSYoungGen      total 5120K, used 4631K [0x00000000d5580000, 0x00000000d5e80000, 0x0000000100000000)
  eden space 4096K, 100% used [0x00000000d5580000,0x00000000d5980000,0x00000000d5980000)
  from space 1024K, 52% used [0x00000000d5d80000,0x00000000d5e05f18,0x00000000d5e80000)
  to   space 1024K, 0% used [0x00000000d5980000,0x00000000d5980000,0x00000000d5a80000)
 ParOldGen       total 924672K, used 924203K [0x0000000080000000, 0x00000000b8700000, 0x00000000d5580000)
  object space 924672K, 99% used [0x0000000080000000,0x00000000b868ac38,0x00000000b8700000)
 Metaspace       used 85875K, committed 87744K, reserved 1179648K
  class space    used 8712K, committed 9536K, reserved 1048576K
}
Event: 219.752 GC heap after
{Heap after GC invocations=2129 (full 5):
 PSYoungGen      total 5120K, used 995K [0x00000000d5580000, 0x00000000d6580000, 0x0000000100000000)
  eden space 4096K, 0% used [0x00000000d5580000,0x00000000d5580000,0x00000000d5980000)
  from space 1024K, 97% used [0x00000000d5980000,0x00000000d5a78d18,0x00000000d5a80000)
  to   space 5632K, 0% used [0x00000000d6000000,0x00000000d6000000,0x00000000d6580000)
 ParOldGen       total 928256K, used 927754K [0x0000000080000000, 0x00000000b8a80000, 0x00000000d5580000)
  object space 928256K, 99% used [0x0000000080000000,0x00000000b8a02b50,0x00000000b8a80000)
 Metaspace       used 85875K, committed 87744K, reserved 1179648K
  class space    used 8712K, committed 9536K, reserved 1048576K
}
Event: 219.761 GC heap before
{Heap before GC invocations=2130 (full 5):
 PSYoungGen      total 5120K, used 5091K [0x00000000d5580000, 0x00000000d6580000, 0x0000000100000000)
  eden space 4096K, 100% used [0x00000000d5580000,0x00000000d5980000,0x00000000d5980000)
  from space 1024K, 97% used [0x00000000d5980000,0x00000000d5a78d18,0x00000000d5a80000)
  to   space 5632K, 0% used [0x00000000d6000000,0x00000000d6000000,0x00000000d6580000)
 ParOldGen       total 928256K, used 927754K [0x0000000080000000, 0x00000000b8a80000, 0x00000000d5580000)
  object space 928256K, 99% used [0x0000000080000000,0x00000000b8a02b50,0x00000000b8a80000)
 Metaspace       used 85886K, committed 87744K, reserved 1179648K
  class space    used 8712K, committed 9536K, reserved 1048576K
}
Event: 219.765 GC heap after
{Heap after GC invocations=2130 (full 5):
 PSYoungGen      total 6144K, used 948K [0x00000000d5580000, 0x00000000d6100000, 0x0000000100000000)
  eden space 5120K, 0% used [0x00000000d5580000,0x00000000d5580000,0x00000000d5a80000)
  from space 1024K, 92% used [0x00000000d6000000,0x00000000d60ed200,0x00000000d6100000)
  to   space 2560K, 0% used [0x00000000d5c00000,0x00000000d5c00000,0x00000000d5e80000)
 ParOldGen       total 929280K, used 928774K [0x0000000080000000, 0x00000000b8b80000, 0x00000000d5580000)
  object space 929280K, 99% used [0x0000000080000000,0x00000000b8b01868,0x00000000b8b80000)
 Metaspace       used 85886K, committed 87744K, reserved 1179648K
  class space    used 8712K, committed 9536K, reserved 1048576K
}
Event: 220.608 GC heap before
{Heap before GC invocations=2131 (full 5):
 PSYoungGen      total 6144K, used 6068K [0x00000000d5580000, 0x00000000d6100000, 0x0000000100000000)
  eden space 5120K, 100% used [0x00000000d5580000,0x00000000d5a80000,0x00000000d5a80000)
  from space 1024K, 92% used [0x00000000d6000000,0x00000000d60ed200,0x00000000d6100000)
  to   space 2560K, 0% used [0x00000000d5c00000,0x00000000d5c00000,0x00000000d5e80000)
 ParOldGen       total 929280K, used 928774K [0x0000000080000000, 0x00000000b8b80000, 0x00000000d5580000)
  object space 929280K, 99% used [0x0000000080000000,0x00000000b8b01868,0x00000000b8b80000)
 Metaspace       used 85890K, committed 87744K, reserved 1179648K
  class space    used 8712K, committed 9536K, reserved 1048576K
}
Event: 220.613 GC heap after
{Heap after GC invocations=2131 (full 5):
 PSYoungGen      total 7680K, used 160K [0x00000000d5580000, 0x00000000d6080000, 0x0000000100000000)
  eden space 5120K, 0% used [0x00000000d5580000,0x00000000d5580000,0x00000000d5a80000)
  from space 2560K, 6% used [0x00000000d5c00000,0x00000000d5c28000,0x00000000d5e80000)
  to   space 1024K, 0% used [0x00000000d5f80000,0x00000000d5f80000,0x00000000d6080000)
 ParOldGen       total 929280K, used 929066K [0x0000000080000000, 0x00000000b8b80000, 0x00000000d5580000)
  object space 929280K, 99% used [0x0000000080000000,0x00000000b8b4aa68,0x00000000b8b80000)
 Metaspace       used 85890K, committed 87744K, reserved 1179648K
  class space    used 8712K, committed 9536K, reserved 1048576K
}
Event: 223.042 GC heap before
{Heap before GC invocations=2132 (full 5):
 PSYoungGen      total 7680K, used 5280K [0x00000000d5580000, 0x00000000d6080000, 0x0000000100000000)
  eden space 5120K, 100% used [0x00000000d5580000,0x00000000d5a80000,0x00000000d5a80000)
  from space 2560K, 6% used [0x00000000d5c00000,0x00000000d5c28000,0x00000000d5e80000)
  to   space 1024K, 0% used [0x00000000d5f80000,0x00000000d5f80000,0x00000000d6080000)
 ParOldGen       total 929280K, used 929066K [0x0000000080000000, 0x00000000b8b80000, 0x00000000d5580000)
  object space 929280K, 99% used [0x0000000080000000,0x00000000b8b4aa68,0x00000000b8b80000)
 Metaspace       used 85894K, committed 87744K, reserved 1179648K
  class space    used 8713K, committed 9536K, reserved 1048576K
}
Event: 223.045 GC heap after
{Heap after GC invocations=2132 (full 5):
 PSYoungGen      total 6144K, used 992K [0x00000000d5580000, 0x00000000d6080000, 0x0000000100000000)
  eden space 5120K, 0% used [0x00000000d5580000,0x00000000d5580000,0x00000000d5a80000)
  from space 1024K, 96% used [0x00000000d5f80000,0x00000000d6078330,0x00000000d6080000)
  to   space 1536K, 0% used [0x00000000d5d80000,0x00000000d5d80000,0x00000000d5f00000)
 ParOldGen       total 929792K, used 929314K [0x0000000080000000, 0x00000000b8c00000, 0x00000000d5580000)
  object space 929792K, 99% used [0x0000000080000000,0x00000000b8b88a68,0x00000000b8c00000)
 Metaspace       used 85894K, committed 87744K, reserved 1179648K
  class space    used 8713K, committed 9536K, reserved 1048576K
}
Event: 223.057 GC heap before
{Heap before GC invocations=2133 (full 5):
 PSYoungGen      total 6144K, used 6112K [0x00000000d5580000, 0x00000000d6080000, 0x0000000100000000)
  eden space 5120K, 100% used [0x00000000d5580000,0x00000000d5a80000,0x00000000d5a80000)
  from space 1024K, 96% used [0x00000000d5f80000,0x00000000d6078330,0x00000000d6080000)
  to   space 1536K, 0% used [0x00000000d5d80000,0x00000000d5d80000,0x00000000d5f00000)
 ParOldGen       total 929792K, used 929314K [0x0000000080000000, 0x00000000b8c00000, 0x00000000d5580000)
  object space 929792K, 99% used [0x0000000080000000,0x00000000b8b88a68,0x00000000b8c00000)
 Metaspace       used 85894K, committed 87744K, reserved 1179648K
  class space    used 8713K, committed 9536K, reserved 1048576K
}
Event: 223.061 GC heap after
{Heap after GC invocations=2133 (full 5):
 PSYoungGen      total 6656K, used 1530K [0x00000000d5580000, 0x00000000d6580000, 0x0000000100000000)
  eden space 5120K, 0% used [0x00000000d5580000,0x00000000d5580000,0x00000000d5a80000)
  from space 1536K, 99% used [0x00000000d5d80000,0x00000000d5efe900,0x00000000d5f00000)
  to   space 5632K, 0% used [0x00000000d6000000,0x00000000d6000000,0x00000000d6580000)
 ParOldGen       total 932864K, used 932489K [0x0000000080000000, 0x00000000b8f00000, 0x00000000d5580000)
  object space 932864K, 99% used [0x0000000080000000,0x00000000b8ea2498,0x00000000b8f00000)
 Metaspace       used 85894K, committed 87744K, reserved 1179648K
  class space    used 8713K, committed 9536K, reserved 1048576K
}
Event: 223.073 GC heap before
{Heap before GC invocations=2134 (full 5):
 PSYoungGen      total 6656K, used 6650K [0x00000000d5580000, 0x00000000d6580000, 0x0000000100000000)
  eden space 5120K, 100% used [0x00000000d5580000,0x00000000d5a80000,0x00000000d5a80000)
  from space 1536K, 99% used [0x00000000d5d80000,0x00000000d5efe900,0x00000000d5f00000)
  to   space 5632K, 0% used [0x00000000d6000000,0x00000000d6000000,0x00000000d6580000)
 ParOldGen       total 932864K, used 932489K [0x0000000080000000, 0x00000000b8f00000, 0x00000000d5580000)
  object space 932864K, 99% used [0x0000000080000000,0x00000000b8ea2498,0x00000000b8f00000)
 Metaspace       used 85896K, committed 87744K, reserved 1179648K
  class space    used 8713K, committed 9536K, reserved 1048576K
}
Event: 223.076 GC heap after
{Heap after GC invocations=2134 (full 5):
 PSYoungGen      total 6144K, used 736K [0x00000000d5580000, 0x00000000d6100000, 0x0000000100000000)
  eden space 5120K, 0% used [0x00000000d5580000,0x00000000d5580000,0x00000000d5a80000)
  from space 1024K, 71% used [0x00000000d6000000,0x00000000d60b8000,0x00000000d6100000)
  to   space 2560K, 0% used [0x00000000d5c00000,0x00000000d5c00000,0x00000000d5e80000)
 ParOldGen       total 934400K, used 934057K [0x0000000080000000, 0x00000000b9080000, 0x00000000d5580000)
  object space 934400K, 99% used [0x0000000080000000,0x00000000b902a6a8,0x00000000b9080000)
 Metaspace       used 85896K, committed 87744K, reserved 1179648K
  class space    used 8713K, committed 9536K, reserved 1048576K
}
Event: 223.414 GC heap before
{Heap before GC invocations=2135 (full 5):
 PSYoungGen      total 6144K, used 5856K [0x00000000d5580000, 0x00000000d6100000, 0x0000000100000000)
  eden space 5120K, 100% used [0x00000000d5580000,0x00000000d5a80000,0x00000000d5a80000)
  from space 1024K, 71% used [0x00000000d6000000,0x00000000d60b8000,0x00000000d6100000)
  to   space 2560K, 0% used [0x00000000d5c00000,0x00000000d5c00000,0x00000000d5e80000)
 ParOldGen       total 934400K, used 934057K [0x0000000080000000, 0x00000000b9080000, 0x00000000d5580000)
  object space 934400K, 99% used [0x0000000080000000,0x00000000b902a6a8,0x00000000b9080000)
 Metaspace       used 85901K, committed 87744K, reserved 1179648K
  class space    used 8714K, committed 9536K, reserved 1048576K
}
Event: 223.417 GC heap after
{Heap after GC invocations=2135 (full 5):
 PSYoungGen      total 7680K, used 916K [0x00000000d5580000, 0x00000000d6080000, 0x0000000100000000)
  eden space 5120K, 0% used [0x00000000d5580000,0x00000000d5580000,0x00000000d5a80000)
  from space 2560K, 35% used [0x00000000d5c00000,0x00000000d5ce5200,0x00000000d5e80000)
  to   space 1536K, 0% used [0x00000000d5f00000,0x00000000d5f00000,0x00000000d6080000)
 ParOldGen       total 934912K, used 934637K [0x0000000080000000, 0x00000000b9100000, 0x00000000d5580000)
  object space 934912K, 99% used [0x0000000080000000,0x00000000b90bb6d8,0x00000000b9100000)
 Metaspace       used 85901K, committed 87744K, reserved 1179648K
  class space    used 8714K, committed 9536K, reserved 1048576K
}
Event: 223.539 GC heap before
{Heap before GC invocations=2136 (full 5):
 PSYoungGen      total 7680K, used 6036K [0x00000000d5580000, 0x00000000d6080000, 0x0000000100000000)
  eden space 5120K, 100% used [0x00000000d5580000,0x00000000d5a80000,0x00000000d5a80000)
  from space 2560K, 35% used [0x00000000d5c00000,0x00000000d5ce5200,0x00000000d5e80000)
  to   space 1536K, 0% used [0x00000000d5f00000,0x00000000d5f00000,0x00000000d6080000)
 ParOldGen       total 934912K, used 934637K [0x0000000080000000, 0x00000000b9100000, 0x00000000d5580000)
  object space 934912K, 99% used [0x0000000080000000,0x00000000b90bb6d8,0x00000000b9100000)
 Metaspace       used 85903K, committed 87744K, reserved 1179648K
  class space    used 8714K, committed 9536K, reserved 1048576K
}
Event: 223.545 GC heap after
{Heap after GC invocations=2136 (full 5):
 PSYoungGen      total 6144K, used 538K [0x00000000d5580000, 0x00000000d6000000, 0x0000000100000000)
  eden space 5120K, 0% used [0x00000000d5580000,0x00000000d5580000,0x00000000d5a80000)
  from space 1024K, 52% used [0x00000000d5f00000,0x00000000d5f86900,0x00000000d6000000)
  to   space 1024K, 0% used [0x00000000d5e00000,0x00000000d5e00000,0x00000000d5f00000)
 ParOldGen       total 934912K, used 934905K [0x0000000080000000, 0x00000000b9100000, 0x00000000d5580000)
  object space 934912K, 99% used [0x0000000080000000,0x00000000b90fe6e8,0x00000000b9100000)
 Metaspace       used 85903K, committed 87744K, reserved 1179648K
  class space    used 8714K, committed 9536K, reserved 1048576K
}
Event: 223.561 GC heap before
{Heap before GC invocations=2137 (full 5):
 PSYoungGen      total 6144K, used 5658K [0x00000000d5580000, 0x00000000d6000000, 0x0000000100000000)
  eden space 5120K, 100% used [0x00000000d5580000,0x00000000d5a80000,0x00000000d5a80000)
  from space 1024K, 52% used [0x00000000d5f00000,0x00000000d5f86900,0x00000000d6000000)
  to   space 1024K, 0% used [0x00000000d5e00000,0x00000000d5e00000,0x00000000d5f00000)
 ParOldGen       total 934912K, used 934905K [0x0000000080000000, 0x00000000b9100000, 0x00000000d5580000)
  object space 934912K, 99% used [0x0000000080000000,0x00000000b90fe6e8,0x00000000b9100000)
 Metaspace       used 85903K, committed 87744K, reserved 1179648K
  class space    used 8714K, committed 9536K, reserved 1048576K
}
Event: 223.563 GC heap after
{Heap after GC invocations=2137 (full 5):
 PSYoungGen      total 6144K, used 346K [0x00000000d5580000, 0x00000000d5f80000, 0x0000000100000000)
  eden space 5120K, 0% used [0x00000000d5580000,0x00000000d5580000,0x00000000d5a80000)
  from space 1024K, 33% used [0x00000000d5e00000,0x00000000d5e56900,0x00000000d5f00000)
  to   space 512K, 0% used [0x00000000d5f00000,0x00000000d5f00000,0x00000000d5f80000)
 ParOldGen       total 935424K, used 934969K [0x0000000080000000, 0x00000000b9180000, 0x00000000d5580000)
  object space 935424K, 99% used [0x0000000080000000,0x00000000b910e6e8,0x00000000b9180000)
 Metaspace       used 85903K, committed 87744K, reserved 1179648K
  class space    used 8714K, committed 9536K, reserved 1048576K
}
Event: 223.595 GC heap before
{Heap before GC invocations=2138 (full 5):
 PSYoungGen      total 6144K, used 5388K [0x00000000d5580000, 0x00000000d5f80000, 0x0000000100000000)
  eden space 5120K, 98% used [0x00000000d5580000,0x00000000d5a6cab0,0x00000000d5a80000)
  from space 1024K, 33% used [0x00000000d5e00000,0x00000000d5e56900,0x00000000d5f00000)
  to   space 512K, 0% used [0x00000000d5f00000,0x00000000d5f00000,0x00000000d5f80000)
 ParOldGen       total 935424K, used 934969K [0x0000000080000000, 0x00000000b9180000, 0x00000000d5580000)
  object space 935424K, 99% used [0x0000000080000000,0x00000000b910e6e8,0x00000000b9180000)
 Metaspace       used 85903K, committed 87744K, reserved 1179648K
  class space    used 8714K, committed 9536K, reserved 1048576K
}
Event: 223.598 GC heap after
{Heap after GC invocations=2138 (full 5):
 PSYoungGen      total 5120K, used 502K [0x00000000d5580000, 0x00000000d6480000, 0x0000000100000000)
  eden space 4608K, 0% used [0x00000000d5580000,0x00000000d5580000,0x00000000d5a00000)
  from space 512K, 98% used [0x00000000d5f00000,0x00000000d5f7da30,0x00000000d5f80000)
  to   space 5120K, 0% used [0x00000000d5a00000,0x00000000d5a00000,0x00000000d5f00000)
 ParOldGen       total 939008K, used 938746K [0x0000000080000000, 0x00000000b9500000, 0x00000000d5580000)
  object space 939008K, 99% used [0x0000000080000000,0x00000000b94beb80,0x00000000b9500000)
 Metaspace       used 85903K, committed 87744K, reserved 1179648K
  class space    used 8714K, committed 9536K, reserved 1048576K
}

