# JRE version: Java(TM) SE Runtime Environment (21.0.4+8) (build 21.0.4+8-LTS-274)
# Java VM: Java HotSpot(TM) 64-Bit Server VM (21.0.4+8-LTS-274, mixed mode, sharing, tiered, compressed oops, compressed class ptrs, g1 gc, windows-amd64)
GC Precious Log:
 CardTable entry size: 512
 Card Set container configuration: InlinePtr #cards 5 size 8 Array Of Cards #cards 12 size 40 Howl #buckets 4 coarsen threshold 1843 Howl Bitmap #cards 512 size 80 coarsen threshold 460 Card regions per heap region 1 cards per card region 2048
 CPUs: 8 total, 8 available
 Memory: 8071M
 Large Page Support: Disabled
 NUMA Support: Disabled
 Compressed Oops: Enabled (32-bit)
 Heap Region Size: 1M
 Heap Min Capacity: 8M
 Heap Initial Capacity: 128M
 Heap Max Capacity: 2018M
 Pre-touch: Disabled
 Parallel Workers: 8
 Concurrent Workers: 2
 Concurrent Refinement Workers: 8
 Periodic GC: Disabled
Heap:
 garbage-first heap   total 86016K, used 53989K [0x0000000081e00000, 0x0000000100000000)
  region size 1024K, 28 young (28672K), 3 survivors (3072K)
 Metaspace       used 79705K, committed 80512K, reserved 1179648K
  class space    used 10665K, committed 11008K, reserved 1048576K
GC Heap History (20 events):
Event: 2853.580 GC heap before
{Heap before GC invocations=46 (full 6):
 garbage-first heap   total 58368K, used 48220K [0x0000000081e00000, 0x0000000100000000)
  region size 1024K, 22 young (22528K), 0 survivors (0K)
 Metaspace       used 78004K, committed 78720K, reserved 1179648K
  class space    used 10578K, committed 10880K, reserved 1048576K
}
Event: 2853.583 GC heap after
{Heap after GC invocations=47 (full 6):
 garbage-first heap   total 58368K, used 29002K [0x0000000081e00000, 0x0000000100000000)
  region size 1024K, 3 young (3072K), 3 survivors (3072K)
 Metaspace       used 78004K, committed 78720K, reserved 1179648K
  class space    used 10578K, committed 10880K, reserved 1048576K
}
Event: 2854.066 GC heap before
{Heap before GC invocations=48 (full 6):
 garbage-first heap   total 58368K, used 47434K [0x0000000081e00000, 0x0000000100000000)
  region size 1024K, 22 young (22528K), 3 survivors (3072K)
 Metaspace       used 78213K, committed 78976K, reserved 1179648K
  class space    used 10589K, committed 10944K, reserved 1048576K
}
Event: 2854.070 GC heap after
{Heap after GC invocations=49 (full 6):
 garbage-first heap   total 70656K, used 30681K [0x0000000081e00000, 0x0000000100000000)
  region size 1024K, 2 young (2048K), 2 survivors (2048K)
 Metaspace       used 78213K, committed 78976K, reserved 1179648K
  class space    used 10589K, committed 10944K, reserved 1048576K
}
Event: 2855.677 GC heap before
{Heap before GC invocations=49 (full 6):
 garbage-first heap   total 70656K, used 45017K [0x0000000081e00000, 0x0000000100000000)
  region size 1024K, 17 young (17408K), 2 survivors (2048K)
 Metaspace       used 78313K, committed 79040K, reserved 1179648K
  class space    used 10591K, committed 10944K, reserved 1048576K
}
Event: 2855.732 GC heap after
{Heap after GC invocations=50 (full 7):
 garbage-first heap   total 70656K, used 26905K [0x0000000081e00000, 0x0000000100000000)
  region size 1024K, 0 young (0K), 0 survivors (0K)
 Metaspace       used 78310K, committed 79040K, reserved 1179648K
  class space    used 10590K, committed 10944K, reserved 1048576K
}
Event: 2856.233 GC heap before
{Heap before GC invocations=50 (full 7):
 garbage-first heap   total 70656K, used 55577K [0x0000000081e00000, 0x0000000100000000)
  region size 1024K, 29 young (29696K), 0 survivors (0K)
 Metaspace       used 78407K, committed 79104K, reserved 1179648K
  class space    used 10597K, committed 10944K, reserved 1048576K
}
Event: 2856.236 GC heap after
{Heap after GC invocations=51 (full 7):
 garbage-first heap   total 70656K, used 29909K [0x0000000081e00000, 0x0000000100000000)
  region size 1024K, 3 young (3072K), 3 survivors (3072K)
 Metaspace       used 78407K, committed 79104K, reserved 1179648K
  class space    used 10597K, committed 10944K, reserved 1048576K
}
Event: 2861.127 GC heap before
{Heap before GC invocations=52 (full 7):
 garbage-first heap   total 70656K, used 56533K [0x0000000081e00000, 0x0000000100000000)
  region size 1024K, 31 young (31744K), 3 survivors (3072K)
 Metaspace       used 78623K, committed 79424K, reserved 1179648K
  class space    used 10607K, committed 10944K, reserved 1048576K
}
Event: 2861.183 GC heap after
{Heap after GC invocations=53 (full 8):
 garbage-first heap   total 70656K, used 27101K [0x0000000081e00000, 0x0000000100000000)
  region size 1024K, 0 young (0K), 0 survivors (0K)
 Metaspace       used 78620K, committed 79424K, reserved 1179648K
  class space    used 10606K, committed 10944K, reserved 1048576K
}
Event: 2861.553 GC heap before
{Heap before GC invocations=53 (full 8):
 garbage-first heap   total 70656K, used 56797K [0x0000000081e00000, 0x0000000100000000)
  region size 1024K, 30 young (30720K), 0 survivors (0K)
 Metaspace       used 78724K, committed 79488K, reserved 1179648K
  class space    used 10613K, committed 10944K, reserved 1048576K
}
Event: 2861.558 GC heap after
{Heap after GC invocations=54 (full 8):
 garbage-first heap   total 70656K, used 30133K [0x0000000081e00000, 0x0000000100000000)
  region size 1024K, 3 young (3072K), 3 survivors (3072K)
 Metaspace       used 78724K, committed 79488K, reserved 1179648K
  class space    used 10613K, committed 10944K, reserved 1048576K
}
Event: 2864.592 GC heap before
{Heap before GC invocations=55 (full 8):
 garbage-first heap   total 70656K, used 56757K [0x0000000081e00000, 0x0000000100000000)
  region size 1024K, 30 young (30720K), 3 survivors (3072K)
 Metaspace       used 79021K, committed 79744K, reserved 1179648K
  class space    used 10625K, committed 10944K, reserved 1048576K
}
Event: 2864.653 GC heap after
{Heap after GC invocations=56 (full 9):
 garbage-first heap   total 70656K, used 27302K [0x0000000081e00000, 0x0000000100000000)
  region size 1024K, 0 young (0K), 0 survivors (0K)
 Metaspace       used 79019K, committed 79744K, reserved 1179648K
  class space    used 10624K, committed 10944K, reserved 1048576K
}
Event: 2865.202 GC heap before
{Heap before GC invocations=56 (full 9):
 garbage-first heap   total 70656K, used 56998K [0x0000000081e00000, 0x0000000100000000)
  region size 1024K, 30 young (30720K), 0 survivors (0K)
 Metaspace       used 79136K, committed 79936K, reserved 1179648K
  class space    used 10632K, committed 11008K, reserved 1048576K
}
Event: 2865.205 GC heap after
{Heap after GC invocations=57 (full 9):
 garbage-first heap   total 70656K, used 30353K [0x0000000081e00000, 0x0000000100000000)
  region size 1024K, 3 young (3072K), 3 survivors (3072K)
 Metaspace       used 79136K, committed 79936K, reserved 1179648K
  class space    used 10632K, committed 11008K, reserved 1048576K
}
Event: 2867.254 GC heap before
{Heap before GC invocations=58 (full 9):
 garbage-first heap   total 70656K, used 54929K [0x0000000081e00000, 0x0000000100000000)
  region size 1024K, 29 young (29696K), 3 survivors (3072K)
 Metaspace       used 79391K, committed 80192K, reserved 1179648K
  class space    used 10645K, committed 11008K, reserved 1048576K
}
Event: 2867.337 GC heap after
{Heap after GC invocations=59 (full 10):
 garbage-first heap   total 70656K, used 27498K [0x0000000081e00000, 0x0000000100000000)
  region size 1024K, 0 young (0K), 0 survivors (0K)
 Metaspace       used 79388K, committed 80192K, reserved 1179648K
  class space    used 10645K, committed 11008K, reserved 1048576K
}
Event: 2868.294 GC heap before
{Heap before GC invocations=59 (full 10):
 garbage-first heap   total 70656K, used 57194K [0x0000000081e00000, 0x0000000100000000)
  region size 1024K, 30 young (30720K), 0 survivors (0K)
 Metaspace       used 79479K, committed 80256K, reserved 1179648K
  class space    used 10651K, committed 11008K, reserved 1048576K
}
Event: 2868.299 GC heap after
{Heap after GC invocations=60 (full 10):
 garbage-first heap   total 86016K, used 30437K [0x0000000081e00000, 0x0000000100000000)
  region size 1024K, 3 young (3072K), 3 survivors (3072K)
 Metaspace       used 79479K, committed 80256K, reserved 1179648K
  class space    used 10651K, committed 11008K, reserved 1048576K
}

